20240715	11:13:15	f69a8fd8-2abf-4fd5-8332-075622d0d52f	GET	/	undefined20240715	11:14:02	5c1c4fa4-57d2-4d11-abe4-c9622fd8f6b0	GET	/	undefined20240715	11:14:04	fb2a6c2a-559a-4f7e-af18-f5ca80a71c93	GET	/	undefined20240715	11:15:15	e22b2a51-702d-49e1-b335-f6423da3580e	GET	/	undefined
20240715	11:15:21	36b08320-50aa-4612-8fac-a547f4a68096	GET	/	undefined
20240715	11:15:53	73981b41-66ea-401e-aa47-160606acc0bb	GET	/	undefined
20240715	11:15:54	3d84e601-212a-45e2-83bd-0dfcb27d13e4	GET	/	undefined
20240715	11:15:54	266c11d8-91a3-4cad-8b50-72edbfa0ec57	GET	/	undefined
20240715	11:15:54	33f530b5-08cd-494a-97c4-1e87940e1959	GET	/	undefined
20240720	15:09:46	9e47f279-9ab9-43b2-a211-f9adca3ed854	GET	/	undefined
20240720	15:44:37	14806a47-9a41-4847-b462-f1147ccb2e45	GET	/Screenshot%202024-06-14%20at%2014.26.48	undefined
20240720	15:45:30	9c714a49-c7eb-438f-80f0-38d6c21134ed	GET	/zurag.png	undefined
20240720	15:45:30	9c2130fe-70d2-4e84-9176-4b2d3e6e6d0d	GET	/favicon.ico	undefined
20240720	15:57:44	1680384c-03d0-4695-ab8f-3e90200314d6	GET	/zurag.png	undefined
20240720	15:57:51	1ce92927-511d-45f1-bb23-87c91891ef96	GET	/root	undefined
20240720	15:57:57	b5923f02-0ee3-49ff-9d8c-dd581429d11f	GET	/	undefined
20240720	15:58:00	58507971-5b3d-42ac-8b10-9bc2958f2d54	GET	/	undefined
20240720	15:58:01	a5bbfbe3-c028-4b15-9d25-f5ebed0e0148	GET	/	undefined
20240720	15:58:01	1956c1e7-01a1-40ba-be04-b440184e221a	GET	/	undefined
20240720	15:58:01	9bbc66cb-35a0-47cf-b223-ca57d7623ee5	GET	/	undefined
20240720	15:58:02	365cb3c8-369c-4cf2-ad7a-c960bdcd9ffe	GET	/	undefined
20240720	15:58:03	577e2bdc-adaa-4c9b-9879-b425de0f39f3	GET	/	undefined
20240720	15:58:04	379c9583-17ba-44a0-91ec-1038c1f3f649	GET	/	undefined
20240720	15:58:05	1d2d262b-c78c-4329-ab40-f509b401ce07	GET	/	undefined
20240720	15:58:07	6fc36518-914e-401a-972d-c7583758dabd	GET	/	undefined
20240720	15:58:08	5b1e536e-6d5f-4beb-9baf-f4c02a925a02	GET	/	undefined
20240720	15:58:09	de2b940c-2f78-480d-a969-c134d641f27c	GET	/	undefined
20240720	15:58:49	006357f4-da94-4d2e-bd3c-9185952ae5e8	GET	/	undefined
20240720	15:58:49	c9f9783c-8732-4557-a4f3-e6b7951133f8	GET	/	undefined
20240720	15:58:50	fd3fafc3-f05a-4ea1-bca8-edab101abc36	GET	/	undefined
20240720	15:58:50	70669014-83e8-40a3-a514-7096946c2a38	GET	/	undefined
20240720	15:58:50	752d40f6-9020-4723-9f72-875fb2f556ff	GET	/	undefined
20240720	15:58:50	4c41e963-f983-4ce4-ba0f-c75df4f7b9c9	GET	/	undefined
20240720	15:59:46	f991ad92-10f8-4abb-8ea8-ce61c0674fa2	GET	/	undefined
20240720	15:59:47	c11959cf-a873-4d8d-aa6e-771cc34dc5c7	GET	/	undefined
20240720	15:59:47	e31dd4f8-58f5-4e76-9713-f2100ae83f9b	GET	/	undefined
20240720	16:00:38	13d81866-4ff7-4faa-be9c-92b7669f77e4	GET	/	undefined
20240720	16:03:11	a072f91d-8d9b-4db1-a2a4-64185ad17333	GET	/	undefined
20240720	16:03:34	6039d25e-0b79-4633-ab66-99ccbfb43196	GET	/efwfnwen;/	undefined
20240720	16:03:40	462e42b5-305b-4c39-9a4d-887d9bb0bbdc	GET	/efwfnwe	undefined
20240720	16:03:44	a28305e3-ee76-4855-9099-a66a4137d8f4	GET	/efwfnw	undefined
20240720	16:03:55	1ac40fb2-80b7-46a6-a6d7-84fb159317f9	GET	/dd44	undefined
20240720	16:04:30	89e41bc4-48d8-4c4a-9edb-ffb5442e296a	GET	/dd44	undefined
20240720	16:04:31	90c93632-6951-4841-a45b-a51dd4990192	GET	/dd44	undefined
20240720	16:04:31	95da5f4a-19e5-4737-8760-011ebfb6a69b	GET	/dd44	undefined
20240720	16:04:31	d3da4b0c-ea72-40a7-bd35-2ba850ec3d9d	GET	/dd44	undefined
20240720	16:06:44	2dfedd9f-02da-4be4-8c90-e651826c77c3	GET	/dd44	undefined
20240720	16:06:45	d6e06479-bc61-4015-949b-6140ee15b816	GET	/dd44	undefined
20240720	16:06:45	c77964fb-00e2-4f19-9704-0bbf1002c48a	GET	/dd44	undefined
20240720	16:06:45	b64ada5d-0337-4bde-bf7e-b93740dae464	GET	/dd44	undefined
20240720	16:06:46	c6f3af16-204a-4033-a34f-828003822032	GET	/dd44	undefined
20240720	16:06:46	cf26f735-9171-44af-ae6b-42ad5ce90144	GET	/dd44	undefined
20240720	16:06:46	5cc03091-1696-47a7-a511-7db9d7e77e0b	GET	/dd44	undefined
20240720	16:06:46	8a2bb99a-a47b-497d-a14b-f903df1cd149	GET	/dd44	undefined
20240720	16:06:46	235efc68-1c48-449e-bbd6-3acc0f5f92ec	GET	/dd44	undefined
20240720	16:07:06	80116805-6c9d-4c8f-ac3d-856e8fecb93e	GET	/dd44	undefined
20240720	16:07:07	62f87202-a26f-4e3f-bc40-62b0a04c0991	GET	/dd44	undefined
20240720	16:07:07	63a17558-f0d4-4c62-a018-79ae50f4c574	GET	/dd44	undefined
20240721	10:27:06	5d241694-584a-46dd-bd17-6c893f084643	GET	/	undefined
20240721	10:27:07	3222e51b-6a63-4a51-82fb-7d9a669a2436	GET	/favicon.ico	undefined
20240721	10:28:23	9edfee90-0d76-48b5-bdcf-a2a8b953daee	GET	/fefe	undefined
20240721	11:27:01	7535d916-b671-4f5a-9eb0-7aeecec13a96	GET	/exam	undefined
20240721	11:27:23	0cc55571-34bf-4b5b-8ce0-384b2b149eb5	GET	/exam/1	undefined
20240721	11:27:26	a8e851df-222b-4019-92d4-d15b140cbd72	GET	/exam/1	undefined
20240721	11:27:28	02f1e2d6-e421-4c5f-9fa7-fe97f2bd9cf9	GET	/exam/1	undefined
20240721	11:27:29	e8a63878-43ae-44d7-b64d-848b8ef84191	GET	/exam/1	undefined
20240721	11:27:29	27f0ca5c-89b0-4e7e-b31d-19c56ec7f171	GET	/exam/1	undefined
20240721	11:27:31	da66d8aa-0970-45e6-95d5-81e057f96b74	GET	/exam/1	undefined
20240721	11:27:31	b1ba8c48-0067-4d7d-bba4-f9de9fc557f9	GET	/exam/1	undefined
20240721	11:27:58	8b8c7a14-49bc-4269-8325-f1c68ccd7898	GET	/exam/1	undefined
20240721	11:27:59	d30a2037-34d8-497e-824b-7dc85358db5d	GET	/exam/1	undefined
20240721	11:28:00	e8fcd09a-7665-46b7-be17-10c54dc13817	GET	/exam/1	undefined
20240721	11:28:01	fd2f12a3-5f7a-442c-acfe-fa17a3ef7891	GET	/exam/1	undefined
20240721	11:28:01	c7279f39-5529-440b-b58b-104768cc8ce0	GET	/exam/1	undefined
20240721	11:32:11	9ae6c36f-db89-4483-b424-db43ee76728b	GET	/exam/1	undefined
20240721	11:37:01	215eb17b-c5f3-4203-9eb5-e9d8e35012a3	POST	/exam/1	undefined
20240721	11:38:59	aaecabb2-6216-44e8-a91d-ee174dabea86	POST	/exam/	undefined
20240721	11:39:14	ff97cf54-7a9c-4cf6-90af-39d1e93a0f58	GET	/exam/	undefined
20240721	11:39:45	61d73b55-8265-4ea3-967d-ebbdc9aa8083	GET	/exam/669c82d345aae5936366c555	undefined
20240721	11:40:10	7cb0d4dd-4cc3-4208-919f-f45cce4566b2	GET	/exam	undefined
20240721	11:41:24	b44d6edc-0929-46d3-bd22-28ced5bd7aef	PUT	/exam/669c82d345aae5936366c555	undefined
20240721	11:43:19	720ff859-da7d-420b-8d57-a88550908f14	DELETE	/exam/669c82d345aae5936366c555	undefined
20240721	11:43:23	358915ec-69a8-43a5-8c34-fde0a7162003	DELETE	/exam/669c82d345aae5936366c555	undefined
20240721	11:43:27	837abadd-8cd2-454b-88d5-1c1756df97e3	DELETE	/exam/669c82d345aae5936366c555	undefined
20240721	11:43:31	2b5570d5-cc71-4faa-abd9-3db7fc39f17c	GET	/exam	undefined
20240803	14:42:45	c296cc7e-3446-4780-9187-1e853aa7dcee	GET	/exam	undefined
20240803	14:42:45	9208718d-5d20-4681-ba93-f546aedbb68b	GET	/favicon.ico	undefined
20240803	14:42:48	1ad0e0c3-ccf6-4df3-aea2-a8d9b4556423	GET	/	undefined
20240804	09:52:25	38e17d68-3b94-482a-acd3-77a22c6c6f7f	DELETE	/auth/register	undefined
20240804	09:52:33	d45a4191-f152-4369-b94d-1fcd8ff0eafa	DELETE	/auth/register	undefined
20240804	09:53:14	e16c5dc2-42c7-40d8-b163-86a316a3190e	POST	/auth/register	undefined
20240804	09:53:17	0654ac6a-1746-4475-88ad-28539a372631	POST	/auth/register	undefined
20240804	09:53:18	3dcde06b-c33f-477b-9037-efcd634c8f78	POST	/auth/register	undefined
20240804	09:54:08	f895c27d-94df-4fd7-8c0d-664699e7cdda	POST	/auth/register	undefined
20240804	09:54:51	7877e9bd-a42e-429f-bb46-e74a3bdde3f1	POST	/auth/register	undefined
20240804	09:55:13	590f358e-50b9-4461-8b33-806cab6c9291	POST	/auth/login	undefined
20240804	09:55:50	093bab12-3874-4b7e-bea7-c571a7754e06	POST	/auth/login	undefined
20240804	09:56:27	dffb79af-14a5-47d3-b07f-0eed655bed3b	POST	/auth/login	undefined
20240804	09:56:50	a910ab23-4623-4e3b-968a-d38ec45b4e9e	POST	/auth/login	undefined
20240804	09:56:58	29a18054-8073-4db4-a91b-a83af4b84595	POST	/auth/login	undefined
20240804	09:57:13	b8e13cb8-ddda-42bd-a08b-ebde7ad877f3	POST	/auth/login	undefined
20240804	11:01:28	052eec90-8e4e-4ab8-acbe-1b135acc3dc8	OPTIONS	/auth/login	http://localhost:5173
20240804	11:01:28	2bf1695b-6558-49bf-8116-0bb5d8e60476	POST	/auth/login	http://localhost:5173
20240804	11:08:23	183e9347-c419-4a18-aaa5-34a72d3a9939	OPTIONS	/auth/login	http://localhost:5173
20240804	11:08:23	77150f4d-78c0-4dfa-b31f-87b94b96646c	POST	/auth/login	http://localhost:5173
20240810	15:48:59	362b6802-e298-4100-a553-d652f7d18327	OPTIONS	/auth/login	http://localhost:5173
20240810	15:48:59	dd9cdbb3-7722-44e7-ad07-01002f5a0a30	POST	/auth/login	http://localhost:5173
20240810	15:49:06	2242f9c7-a2e1-4511-a68a-4f60b2b0ef22	OPTIONS	/auth/login	http://localhost:5173
20240810	15:49:06	5ef777b7-f7fe-4793-9961-e0f6c7577df1	POST	/auth/login	http://localhost:5173
20240810	15:51:16	13bd940d-5364-4db6-9203-f4da26e2a9b2	OPTIONS	/auth/login	http://localhost:5173
20240810	15:51:16	098cd00b-6177-423b-96e6-87b50fcb6ea2	POST	/auth/login	http://localhost:5173
20240810	15:56:29	fdd85384-77ff-4b1a-bf52-2c6404eb4bb2	OPTIONS	/auth/login	http://localhost:5173
20240810	15:56:29	b54ab731-bdb8-4c85-b1ab-444a0fd65b8e	POST	/auth/login	http://localhost:5173
20240810	15:56:31	0d72b143-49ce-4516-b045-81e04664abf5	POST	/auth/login	http://localhost:5173
20240810	15:59:24	6955d15b-8780-43e5-a04a-f98a4ea10e7d	OPTIONS	/auth/login	http://localhost:5173
20240810	15:59:24	d1a214fd-5189-4a9f-86fa-17bf12c7c5b7	POST	/auth/login	http://localhost:5173
20240810	15:59:24	0de817ae-548a-4e7f-80c5-64d7e2b2de78	OPTIONS	/auth/check	http://localhost:5173
20240810	15:59:24	4c2c4902-ab00-4da5-9b26-dc2f09314913	POST	/auth/check	http://localhost:5173
20240810	16:02:21	ddd34ab2-61c8-4711-b14d-3959d7f32a80	OPTIONS	/auth/check	http://localhost:5173
20240810	16:02:21	30844306-3659-4c48-acdd-7db45b44d855	POST	/auth/check	http://localhost:5173
20240810	16:02:22	b8903e31-a6ed-46b4-9a16-13ef893ff281	POST	/auth/check	http://localhost:5173
20240810	16:02:23	135a39ee-911f-4be7-9d38-8f2555ba5fdc	POST	/auth/check	http://localhost:5173
20240810	16:02:23	7b3d3335-f144-4ad8-bcb0-ac28cfbc5416	POST	/auth/check	http://localhost:5173
20240810	16:30:20	b97447a3-e977-4a62-839a-a1c800dca63b	OPTIONS	/auth/register	http://localhost:5173
20240810	16:30:20	a3d149a3-6afc-4ebe-95ad-f971f4aae2ba	POST	/auth/register	http://localhost:5173
20240810	16:30:47	a46ccb44-a8dc-4572-a77f-110e5d8061e5	OPTIONS	/auth/login	http://localhost:5173
20240810	16:30:47	c398b63a-7dca-497f-bd88-c4ac98e95ad1	POST	/auth/login	http://localhost:5173
20240810	16:30:47	90a7b1ba-5cab-42d8-8528-f2d3f37e5db0	OPTIONS	/auth/check	http://localhost:5173
20240810	16:30:47	59bce300-eea2-4068-82e0-63af65aa1edd	POST	/auth/check	http://localhost:5173
20240810	16:33:28	f32b184e-8b86-48bc-ad93-6a56f24caa00	OPTIONS	/auth/check	http://localhost:5173
20240810	16:33:28	08363c04-0626-457b-a274-589197ca5d7b	POST	/auth/check	http://localhost:5173
20240810	16:33:29	4060525b-c1ac-44c2-9a7e-26dea3e9dfd8	POST	/auth/check	http://localhost:5173
20240810	16:33:42	463f1467-829f-4643-8cf4-2ea13beec780	OPTIONS	/auth/check	http://localhost:5173
20240810	16:33:42	ce74c9c5-4968-475c-a372-b68cbe4bc5f5	POST	/auth/check	http://localhost:5173
20240810	16:33:52	8a9c2083-c0c8-458d-a04c-2e5db1cc8498	OPTIONS	/auth/check	http://localhost:5173
20240810	16:33:52	323b1ce5-09c7-45c0-bee5-782133bec4da	POST	/auth/check	http://localhost:5173
20240811	09:53:43	1e86a528-301b-4110-97e9-1064c134f36f	OPTIONS	/auth/login	http://localhost:5173
20240811	09:53:43	c774f56f-b36a-47c0-a81c-6307ed7531e8	POST	/auth/login	http://localhost:5173
20240811	09:53:46	68a3a43c-43c7-4a3b-beb7-2fc73274dac4	POST	/auth/login	http://localhost:5173
20240811	09:53:47	8ec211a8-053f-4d86-bcff-969d4180c899	POST	/auth/login	http://localhost:5173
20240811	09:53:59	f6fa369f-cf4f-4898-b59b-784de598a6df	OPTIONS	/auth/login	http://localhost:5173
20240811	09:53:59	9b945128-ed92-4e37-acf5-22cd70438add	POST	/auth/login	http://localhost:5173
20240811	09:54:00	947bf52f-9568-4af4-ae86-cd0afb033835	POST	/auth/login	http://localhost:5173
20240811	09:54:00	a1e2700b-93ea-44e4-b6bc-6d095290952e	POST	/auth/login	http://localhost:5173
20240811	09:54:04	23dc0e93-c15d-4c0d-9390-8884117b3cae	OPTIONS	/auth/check	http://localhost:5173
20240811	09:54:04	d7b21f4e-925d-498e-80cd-cf34001539a1	POST	/auth/check	http://localhost:5173
20240811	09:55:04	34fc0f2b-a1ab-4ddc-9ec9-4d14545254b3	OPTIONS	/auth/check	http://localhost:5173
20240811	09:55:04	4f4afdcf-ed71-46a5-86c5-7a4f62051f44	POST	/auth/check	http://localhost:5173
20240811	09:55:29	5224b607-c17d-4369-89de-d0c4abea5a9c	OPTIONS	/auth/check	http://localhost:5173
20240811	09:55:29	5666b9d1-4997-466b-90d7-d94fa9b084d7	POST	/auth/check	http://localhost:5173
20240811	09:55:30	ff51e4ae-817a-4459-be23-29309105a0d5	POST	/auth/check	http://localhost:5173
20240811	09:55:52	108abcd4-a263-4722-8e8b-b17c091b794f	OPTIONS	/auth/check	http://localhost:5173
20240811	09:55:52	2a278815-74bf-4e27-b28c-ec811581bd17	POST	/auth/check	http://localhost:5173
20240811	09:55:52	d976f811-4a25-42e1-a45f-eb840e81b916	POST	/auth/check	http://localhost:5173
20240811	10:20:47	f292d6a8-2c5a-4449-a729-8dbb66fd1cb7	OPTIONS	/auth/login	http://localhost:5173
20240811	10:20:47	b228e703-35e1-40d5-899f-15de67f194be	POST	/auth/login	http://localhost:5173
20240811	10:20:48	08ae01ac-56e7-4437-8b6d-c2da3119b3e9	OPTIONS	/auth/check	http://localhost:5173
20240811	10:20:48	f76e612e-13a2-45b0-9f1f-400a79fa74bb	POST	/auth/check	http://localhost:5173
20240811	10:20:53	1b4df8b3-fdfd-47a5-8593-7e49cb99cbb8	POST	/auth/check	http://localhost:5173
20240811	10:20:58	dff45bca-91cb-42ee-9308-3fe33f00549f	OPTIONS	/auth/check	http://localhost:5173
20240811	10:20:58	38571698-8ece-4fb3-a40f-bca687bbe9c5	POST	/auth/check	http://localhost:5173
20240811	10:21:17	3da179a6-c079-4786-a625-fb99407da71d	OPTIONS	/auth/check	http://localhost:5173
20240811	10:21:17	c742df24-40ff-4aa2-9b01-c7fb9f4ed451	POST	/auth/check	http://localhost:5173
20240811	10:21:17	d5097469-598e-4d19-9d3b-fa731eb790f4	POST	/auth/check	http://localhost:5173
20240811	10:22:03	68553243-1a62-4abb-b501-05a27552cf6b	OPTIONS	/auth/check	http://localhost:5173
20240811	10:22:03	cbcb938a-29c9-460c-b3d6-b39009ffd2a4	POST	/auth/check	http://localhost:5173
20240811	10:23:11	7ed7052a-863c-431f-83f4-f8daf7480e4c	OPTIONS	/auth/check	http://localhost:5173
20240811	10:23:11	420fba75-7b68-4811-866c-c43cc441aa9e	POST	/auth/check	http://localhost:5173
20240811	10:24:42	afb4f67f-9cba-4ca2-bc1a-34dc87370101	OPTIONS	/auth/check	http://localhost:5173
20240811	10:24:42	b0b8cb29-b706-4759-9db3-df24031f6a25	POST	/auth/check	http://localhost:5173
20240811	10:24:44	d581de88-f6f0-4c11-a5eb-d5a458dbb56a	POST	/auth/check	http://localhost:5173
20240811	10:24:48	1d9fcaea-3c84-4e0b-ad7d-79c84108b175	OPTIONS	/auth/check	http://localhost:5173
20240811	10:24:48	dd95a8e4-c446-448d-b0a9-1afbe1a11aff	POST	/auth/check	http://localhost:5173
20240811	10:25:17	2328f321-49c7-428a-ac4f-0217b140311a	OPTIONS	/auth/check	http://localhost:5173
20240811	10:25:17	79f7d622-1b9b-4f1c-aa43-2e44a5ea196e	POST	/auth/check	http://localhost:5173
20240811	10:25:44	20934303-ce39-4f35-b2a6-c220eafea7f0	OPTIONS	/auth/check	http://localhost:5173
20240811	10:25:44	41d45490-d249-4adc-89d1-22ddec3ca7d8	POST	/auth/check	http://localhost:5173
20240811	10:25:45	8a860f91-89c7-4ec1-850e-ee7b79e0187c	POST	/auth/check	http://localhost:5173
20240811	10:26:30	e8c6f3a3-4f42-44fa-9411-bc419f94f04e	OPTIONS	/auth/check	http://localhost:5173
20240811	10:26:30	baadf9b2-1c7f-495b-997f-423d098c11ca	POST	/auth/check	http://localhost:5173
20240811	10:26:31	a5d8e3fe-ebb1-4deb-abd1-d3f6e9aa67dd	POST	/auth/check	http://localhost:5173
20240811	10:26:31	839ef4f4-47f3-4155-b082-26e18e500598	POST	/auth/check	http://localhost:5173
20240811	10:26:31	91bf2ff5-6400-4e1a-8807-9988729522c1	POST	/auth/check	http://localhost:5173
20240811	10:26:40	c4167382-134e-4b07-a9a6-2b688694b57b	OPTIONS	/auth/check	http://localhost:5173
20240811	10:26:40	9b30cedf-4c5e-4376-8024-ee3abb1f0200	POST	/auth/check	http://localhost:5173
20240811	10:27:14	44aefb64-b72b-4b14-b4c0-838d66c38061	OPTIONS	/auth/check	http://localhost:5173
20240811	10:27:14	23dba42d-a6ba-4ed7-91d7-957d030510d2	POST	/auth/check	http://localhost:5173
20240811	10:28:27	c7ac0beb-bda8-46bf-8429-19bbd63616cf	OPTIONS	/auth/check	http://localhost:5173
20240811	10:28:27	a4b0e15a-310a-4f1c-b317-14094c523f17	POST	/auth/check	http://localhost:5173
20240811	10:29:09	b555f0f1-6d70-4ff6-97b8-3925fb50b5a0	OPTIONS	/auth/check	http://localhost:5173
20240811	10:29:09	fcc2aae2-fad7-441e-b483-5f729aa7681a	POST	/auth/check	http://localhost:5173
20240811	10:29:18	2ac6b1c0-8f7b-42ca-8bae-f657f7e7462b	OPTIONS	/auth/check	http://localhost:5173
20240811	10:29:18	61d776c6-016a-4e8e-a955-8a42096dfd76	POST	/auth/check	http://localhost:5173
20240811	10:29:44	9eefd8bc-1b54-4bd4-b995-0e93ca35d577	OPTIONS	/auth/check	http://localhost:5173
20240811	10:29:44	f3b1020d-83ac-4676-b148-a02008b2ca93	POST	/auth/check	http://localhost:5173
20240811	10:30:23	bed5a467-9dbb-44e1-b71d-9eeeed335662	OPTIONS	/auth/check	http://localhost:5173
20240811	10:30:23	4cc75ad5-62ad-4e09-b413-ad5d3f3444d7	POST	/auth/check	http://localhost:5173
20240811	10:30:35	5c0f4112-4967-4541-8304-14f610cc8fc9	OPTIONS	/auth/check	http://localhost:5173
20240811	10:30:35	18317419-ca4a-4cc4-90c8-0f20db25de13	POST	/auth/check	http://localhost:5173
20240811	10:30:55	bb611a75-e7ad-4757-898f-37f60e7bb8b7	OPTIONS	/auth/check	http://localhost:5173
20240811	10:30:55	0c20399e-d5b1-46bc-b636-2787511ffeb5	POST	/auth/check	http://localhost:5173
20240811	10:31:17	9edc93e0-ac96-4516-b86d-b23a3995786d	OPTIONS	/auth/check	http://localhost:5173
20240811	10:31:17	43a677b8-1a3f-4b2c-bcf3-103a126b80e5	POST	/auth/check	http://localhost:5173
20240811	10:32:06	0ab08965-341f-4f49-b0b3-d39c8f3e1f3a	OPTIONS	/auth/check	http://localhost:5173
20240811	10:32:06	e74a1eb3-f82b-41a9-9679-14c73825555b	POST	/auth/check	http://localhost:5173
20240811	10:32:16	200cdbad-26a5-477e-a16e-999fc11f74ae	OPTIONS	/auth/check	http://localhost:5173
20240811	10:32:16	4a7a8eb3-7954-45f7-a339-06a15d158ea2	POST	/auth/check	http://localhost:5173
20240811	10:34:25	a97d7a5e-d9a7-4f28-9004-79b0efdd4480	OPTIONS	/auth/check	http://localhost:5173
20240811	10:34:25	700bdd1a-9e7e-415f-a618-0aa20ddbf0cb	POST	/auth/check	http://localhost:5173
20240811	10:35:43	493a680c-4a48-4603-8c84-1eea7a226082	OPTIONS	/auth/check	http://localhost:5173
20240811	10:35:43	bd4c2401-ab79-4cef-bd70-922a25dd16b3	POST	/auth/check	http://localhost:5173
20240811	10:35:52	a04e10c1-79a3-4ede-8696-930c10a73ee0	OPTIONS	/auth/login	http://localhost:5173
20240811	10:35:52	e2979e62-8ca3-497c-a242-00e73d784f52	POST	/auth/login	http://localhost:5173
20240811	10:35:55	0d2a9cab-d91b-4c66-b327-61f6e3d5a307	OPTIONS	/auth/check	http://localhost:5173
20240811	10:35:55	1deb420b-bf20-4c4b-b8b0-33005052a959	POST	/auth/check	http://localhost:5173
20240811	10:38:06	f43a63bc-99c5-4c0f-85cc-627eaba4dfc3	OPTIONS	/auth/check	http://localhost:5173
20240811	10:38:06	d2ac2e7d-c1a8-44a4-a89e-46662e925aa3	POST	/auth/check	http://localhost:5173
20240811	10:46:19	b7732296-c85d-454c-99b6-1aac38fbeadf	OPTIONS	/auth/check	http://localhost:5173
20240811	10:46:19	e9450ca4-849e-4bbe-81a7-e874f3931224	POST	/auth/check	http://localhost:5173
20240811	10:46:49	30dcfa77-6ab1-4011-9b9b-dd3484bfa00d	OPTIONS	/auth/check	http://localhost:5173
20240811	10:46:49	3b3db2aa-9664-4285-b3a8-94a8a8fbdc81	POST	/auth/check	http://localhost:5173
20240811	10:46:52	a4cbabb2-843c-4794-bc9c-f0dec3c2bf9e	POST	/auth/check	http://localhost:5173
20240811	10:47:20	44917a15-d615-4c8d-832f-8351dddee2de	OPTIONS	/auth/check	http://localhost:5173
20240811	10:47:20	e66864dd-150d-4390-985f-722a1204f80f	POST	/auth/check	http://localhost:5173
20240811	10:47:22	06892b28-8a14-4840-b152-8f232e05050b	POST	/auth/check	http://localhost:5173
20240811	10:47:22	97fe43c3-8f51-471f-b76d-3bf39099badc	POST	/auth/check	http://localhost:5173
20240811	10:47:22	b4d5800f-a8fe-4338-a5db-f87cc203169c	POST	/auth/check	http://localhost:5173
20240811	10:48:19	766b75b7-b025-470d-843f-1b3f579f6cf5	OPTIONS	/auth/check	http://localhost:5173
20240811	10:48:19	c272873f-1928-43e2-a554-d706edab27f9	POST	/auth/check	http://localhost:5173
20240811	10:48:20	a2e97544-7c7d-49b4-b7b0-c9537c0f40a5	POST	/auth/check	http://localhost:5173
20240811	10:50:14	3d505e56-f255-49e2-b4ae-02504c8bbdc5	OPTIONS	/auth/login	http://localhost:5173
20240811	10:50:14	b0973b2a-a4a6-4618-b495-2bde0c977417	POST	/auth/login	http://localhost:5173
20240811	10:50:15	2cc44fe6-0501-48b3-9a33-3171e4ee4f78	OPTIONS	/auth/check	http://localhost:5173
20240811	10:50:15	b29c969a-c977-413c-93b5-0550bbf42894	POST	/auth/check	http://localhost:5173
20240811	10:54:16	61b871ae-a2f6-479b-a5cd-efa5f16cd32f	OPTIONS	/auth/check	http://localhost:5173
20240811	10:54:16	25283842-d687-43b9-b31f-314517cba974	POST	/auth/check	http://localhost:5173
20240811	10:57:36	f73a75f2-bf03-48c8-b2cc-80a983e5daf8	OPTIONS	/auth/check	http://localhost:5173
20240811	10:57:36	b8eb10f3-b0bb-4935-bb8f-bf759a81949a	POST	/auth/check	http://localhost:5173
20240811	11:03:03	c7547862-97c6-44e1-ad71-12f9b1818f82	OPTIONS	/auth/check	http://localhost:5173
20240811	11:03:03	923b134a-34b0-49c0-98be-2448e7c10f32	POST	/auth/check	http://localhost:5173
20240811	11:03:26	ce1c00f8-6cfd-4283-858c-c8b619ce1fd5	OPTIONS	/auth/check	http://localhost:5173
20240811	11:03:26	412bdc4c-53d9-42f2-a573-6ea045c2d209	POST	/auth/check	http://localhost:5173
20240811	11:03:26	e028ba6c-a1f2-41da-861b-ec03b64949ba	OPTIONS	/exam	http://localhost:5173
20240811	11:03:26	880ab663-6b84-480e-8fd2-8160ef1d0cef	GET	/exam	http://localhost:5173
20240811	11:03:57	97e90bdc-f023-4677-b253-6b9798fe128e	OPTIONS	/auth/check	http://localhost:5173
20240811	11:03:57	2c8e4678-5024-4710-9235-b4eb2bfefd59	POST	/auth/check	http://localhost:5173
20240811	11:03:57	8ab8ba3c-9271-4eb6-bde1-07a3ee9619f0	OPTIONS	/exam	http://localhost:5173
20240811	11:03:57	beb9ce77-0498-43fa-9d9b-534812f36284	GET	/exam	http://localhost:5173
20240811	11:05:31	ac2e1bf4-3a1d-498d-b7b0-1d45e34ec1b5	OPTIONS	/auth/check	http://localhost:5173
20240811	11:05:31	d842af30-0d00-41c8-8866-4cb16557ca85	POST	/auth/check	http://localhost:5173
20240811	11:05:31	aba4a0cc-26b2-4615-8fd4-6f313348bcfa	OPTIONS	/exam	http://localhost:5173
20240811	11:05:31	5a4ee01c-314b-47bc-951f-2335d126a61a	GET	/exam	http://localhost:5173
20240811	11:05:33	6a8aaf30-8446-425b-8f3e-7f66d0121d04	POST	/auth/check	http://localhost:5173
20240811	11:05:33	ec8f4651-cd22-4b3f-a2cc-4938752998f7	GET	/exam	http://localhost:5173
20240811	11:08:47	7b26bf7e-cde3-43ca-af35-904712fdd096	POST	/exam	undefined
20240811	11:09:47	7b4f58ee-e99e-4ecf-a36f-563f0674c0c7	POST	/exam	undefined
20240811	11:09:54	ee193ef2-cad8-448a-9aef-3800492cf47b	OPTIONS	/auth/check	http://localhost:5173
20240811	11:09:54	29c55afa-4220-405a-a477-5487b691e801	POST	/auth/check	http://localhost:5173
20240811	11:09:54	d95e0984-c7c3-48f2-a07c-29e737f230a7	OPTIONS	/exam	http://localhost:5173
20240811	11:09:54	96f981ba-9137-47ce-85fe-3cb48c185ff5	GET	/exam	http://localhost:5173
20240811	11:10:50	e0e01416-fdf2-4936-aefd-e9066cc7166c	POST	/exam	undefined
20240811	11:11:11	55eaa56b-aee9-4345-984c-d29e23887c2f	POST	/exam	undefined
20240811	11:12:19	1008c51d-e23a-45d1-89a3-232a5e979d0d	POST	/exam	undefined
20240811	11:12:31	8618c6f1-7ef4-42ab-9979-741af4bb44f5	OPTIONS	/auth/check	http://localhost:5173
20240811	11:12:31	df0109ef-038d-42c4-8594-b51a7d5f8577	POST	/auth/check	http://localhost:5173
20240811	11:12:31	170f0660-888c-4bd7-9c16-a919ec32dcdd	OPTIONS	/exam	http://localhost:5173
20240811	11:12:31	d8e1e9a5-1222-439c-bbfc-ce7ade6d1028	GET	/exam	http://localhost:5173
20240811	11:15:46	382a3dee-8da9-4a9f-80ec-b0cffec05154	OPTIONS	/auth/check	http://localhost:5173
20240811	11:15:46	2201f4e7-618a-4453-878f-36d08f809206	POST	/auth/check	http://localhost:5173
20240811	11:15:46	942f3c70-0023-416d-98fe-de85433a66c5	OPTIONS	/exam	http://localhost:5173
20240811	11:15:46	ff2fcf40-ceb7-4ca8-870d-974bf7a3536a	GET	/exam	http://localhost:5173
20240811	11:22:46	2edbc8d5-9d42-4c0d-a72f-2985096898d0	OPTIONS	/auth/check	http://localhost:5173
20240811	11:22:46	34d89561-0f39-4bea-a41b-ae93a2e9d9ee	POST	/auth/check	http://localhost:5173
20240811	11:22:46	3caf7bf2-ec91-4d13-aa22-96d0cd10964e	OPTIONS	/exam	http://localhost:5173
20240811	11:22:46	749306f0-714f-485d-84ef-78791cbc99d5	GET	/exam	http://localhost:5173
20240811	11:27:17	a8dd4a68-d8e0-44de-9566-8bead0a688f3	OPTIONS	/auth/check	http://localhost:5173
20240811	11:27:17	a540f58d-ffb1-4751-a448-2d8893c28845	POST	/auth/check	http://localhost:5173
20240811	11:27:17	a18d09df-c8a7-48e8-a7a8-b19b6598fd6e	OPTIONS	/exam	http://localhost:5173
20240811	11:27:17	3bf1009e-30eb-4568-a457-f3cbbb302e10	GET	/exam	http://localhost:5173
20240811	11:38:12	b678f660-9539-4d18-a276-a7c0d2274787	GET	/exam	undefined
20240811	11:41:43	d5fb1cfb-71d7-401c-9db9-73ff1541c0ee	OPTIONS	/auth/check	http://localhost:5173
20240811	11:41:43	0436caf4-729a-4fa9-859d-ed7062d2406c	POST	/auth/check	http://localhost:5173
20240811	11:41:43	16e0c093-779c-4500-b61a-af41501fd931	OPTIONS	/exam	http://localhost:5173
20240811	11:41:43	7427caa8-283e-4dfb-b501-76f584032ef2	GET	/exam	http://localhost:5173
20240811	11:42:56	a122665b-0185-4c16-be2d-5ea50d188048	OPTIONS	/auth/check	http://localhost:5173
20240811	11:42:56	4eb4068b-bd02-4e64-a298-684501891cda	POST	/auth/check	http://localhost:5173
20240811	11:42:56	4387b237-8487-4077-ba90-6a4cf75c5030	OPTIONS	/exam	http://localhost:5173
20240811	11:42:56	669642df-87ac-4a95-8847-2113c531ca44	GET	/exam	http://localhost:5173
20240811	11:43:39	5a7e8bef-d31a-4301-80e2-13d55589e377	OPTIONS	/auth/check	http://localhost:5173
20240811	11:43:39	2fe99ce3-d35a-4ab6-b252-fc11096fac80	POST	/auth/check	http://localhost:5173
20240811	11:43:39	c6348d12-5c32-419b-9b82-73dedd743756	OPTIONS	/exam	http://localhost:5173
20240811	11:43:39	1c1ac50b-a567-4843-8565-56df272282ba	GET	/exam	http://localhost:5173
20240811	11:43:51	58e63991-56da-48c7-86df-9e478dae39eb	OPTIONS	/auth/check	http://localhost:5173
20240811	11:43:51	4fe72c8e-6839-44c9-83a4-2fff8313b3b5	POST	/auth/check	http://localhost:5173
20240811	11:43:51	527ecbb3-f200-4863-a2be-7137bfe4e774	OPTIONS	/exam	http://localhost:5173
20240811	11:43:51	5ef3cc64-2dd8-4b32-b44c-4cb213258d0b	GET	/exam	http://localhost:5173
20240811	11:43:53	ed6b0f4f-4b24-47e4-8152-5f7736bb2e97	POST	/auth/check	http://localhost:5173
20240811	11:43:53	8ae6001b-6301-470a-987a-c2104a0a4eb3	GET	/exam	http://localhost:5173
20240811	11:43:55	eccda429-97af-4745-9023-ab85ff95fc3e	POST	/auth/check	http://localhost:5173
20240811	11:43:55	815e5412-4a59-4c48-85a2-c427db7f0e9c	GET	/exam	http://localhost:5173
20240811	11:44:06	374522a6-5a87-4e03-82b0-0f3351d78add	OPTIONS	/auth/check	http://localhost:5173
20240811	11:44:06	8704137f-a9c0-4e78-b90e-a81354baabea	POST	/auth/check	http://localhost:5173
20240811	11:44:06	13eb882c-7a26-438a-814a-d8eb26f7532c	OPTIONS	/exam	http://localhost:5173
20240811	11:44:06	2fb28032-92a4-4147-9b8f-c28bed1f354d	GET	/exam	http://localhost:5173
20240811	11:44:06	40bc41d4-e055-4425-8c84-c4d2663cf5ae	POST	/auth/check	http://localhost:5173
20240811	11:44:06	56a281d7-8d8c-4f24-8574-a901f915d41b	GET	/exam	http://localhost:5173
20240811	11:44:34	7ce76aa6-a7c1-460e-aefb-64f6c4e16e07	OPTIONS	/auth/check	http://localhost:5173
20240811	11:44:34	211564da-2bfd-4118-9fee-866dcc68686b	POST	/auth/check	http://localhost:5173
20240811	11:44:34	ff436a38-5640-4f75-ab54-1881586d07fa	OPTIONS	/exam	http://localhost:5173
20240811	11:44:34	8fa7a288-802f-4319-8476-c56e0f04c5e4	GET	/exam	http://localhost:5173
20240811	11:44:36	a6b2032d-5c6b-4588-a20d-be5e0785f3d0	POST	/auth/check	http://localhost:5173
20240811	11:44:36	07a3fea6-7923-4562-a570-45adf3241e6b	GET	/exam	http://localhost:5173
20240811	11:45:39	107a27f7-492e-425c-9cd3-c17e6737c7da	OPTIONS	/auth/check	http://localhost:5173
20240811	11:45:39	59394d87-2819-4cc7-8431-0a2658d46193	POST	/auth/check	http://localhost:5173
20240811	11:45:39	ba9f5b4d-dcdc-4c4b-9e7d-c0ed315a7bc6	OPTIONS	/exam	http://localhost:5173
20240811	11:45:39	986f1914-8bed-4ed8-a6a0-183e8e395f54	GET	/exam	http://localhost:5173
20240811	11:45:40	d325ca1e-b410-4ea8-9807-373486ec9863	POST	/auth/check	http://localhost:5173
20240811	11:45:40	0402e950-e4a7-48f8-b5b6-2bef79e66dc5	GET	/exam	http://localhost:5173
20240811	11:45:40	767a6840-02d2-42e6-aeb0-d8fe931ea24f	POST	/auth/check	http://localhost:5173
20240811	11:45:40	8b44df54-9af9-40e0-bc26-e17547f6af5c	GET	/exam	http://localhost:5173
20240811	11:45:40	e7957de8-84db-44fa-933c-73abbc26ca67	POST	/auth/check	http://localhost:5173
20240811	11:45:41	e610d78f-3558-47b7-9a9a-fc93ec7b8c60	GET	/exam	http://localhost:5173
20240811	11:45:41	5692b499-99d1-4f25-8752-853c731a5db1	POST	/auth/check	http://localhost:5173
20240811	11:45:41	2aa77a26-2fc0-4a50-b8f3-fd33ecebcb6b	GET	/exam	http://localhost:5173
20240811	11:45:41	2ca7fd10-3038-470c-9309-91421a3e3cec	POST	/auth/check	http://localhost:5173
20240811	11:45:41	a969f4af-08f1-436e-8eb2-5504f53469cf	GET	/exam	http://localhost:5173
20240811	11:45:41	811d778d-2a8a-47ca-bfca-4a7d81897323	POST	/auth/check	http://localhost:5173
20240811	11:45:41	229c9523-f7d9-4505-86c9-795ea80db360	GET	/exam	http://localhost:5173
20240811	11:45:41	d5d95314-2e0c-4d03-9391-19a0fc5cbf4b	POST	/auth/check	http://localhost:5173
20240811	11:45:41	237f61e4-89bd-462d-a074-52f295ca2c0c	GET	/exam	http://localhost:5173
20240811	11:45:41	b2c43e89-a854-4f80-9ae7-3426eb4e7013	POST	/auth/check	http://localhost:5173
20240811	11:45:41	da78dd69-addf-4640-8c2f-da165bf4ce18	GET	/exam	http://localhost:5173
20240811	11:45:41	eb030b30-404f-4add-8abb-0ab7f9824a20	POST	/auth/check	http://localhost:5173
20240811	11:45:41	c70cf770-1149-4719-8a26-854d404078d2	GET	/exam	http://localhost:5173
20240811	11:45:42	fbdbbde9-b155-4d66-ae54-1e381f645379	POST	/auth/check	http://localhost:5173
20240811	11:45:42	b1c8ca95-0215-4174-ab1e-136ffe50c6dc	GET	/exam	http://localhost:5173
20240811	11:45:42	afa2c915-837b-4024-89f8-fd9162762989	POST	/auth/check	http://localhost:5173
20240811	11:45:42	524b5686-dde9-4b7a-899c-ec403cae72d5	GET	/exam	http://localhost:5173
20240811	11:45:42	76287ec4-92d3-43c3-8e38-ea3e433ef8fd	POST	/auth/check	http://localhost:5173
20240811	11:45:42	dea48988-8656-4d09-a64a-7660eb71e3ec	GET	/exam	http://localhost:5173
20240811	11:45:42	4e124578-8ec1-4d04-ad39-571f5b525eb4	POST	/auth/check	http://localhost:5173
20240811	11:45:42	1703ff16-961d-4119-8e9a-5f3aa0ec54ef	GET	/exam	http://localhost:5173
20240811	11:45:42	b76512f4-ded8-4ebd-b698-c80e01bdb915	POST	/auth/check	http://localhost:5173
20240811	11:45:42	c1717080-bcd2-4f32-8fa7-de964ec6a330	GET	/exam	http://localhost:5173
20240811	11:45:42	35f8c745-ae42-4014-9b0e-d2985c4cee4a	POST	/auth/check	http://localhost:5173
20240811	11:45:42	353bac15-f0f8-4a0d-af9b-4f837a439d97	GET	/exam	http://localhost:5173
20240811	11:45:42	89ab617d-12ba-445f-8d49-7ea63ab321d7	POST	/auth/check	http://localhost:5173
20240811	11:45:42	e7f31498-dda5-46e6-a93d-e0729a0768ce	GET	/exam	http://localhost:5173
20240811	11:45:43	669f9365-ff8f-49c7-9c7b-0b2432563be4	POST	/auth/check	http://localhost:5173
20240811	11:45:43	5d4423e6-dda0-4b6d-8453-7051c89ee405	GET	/exam	http://localhost:5173
20240811	11:45:43	8889ed98-aeb7-411f-803a-8065c0507487	POST	/auth/check	http://localhost:5173
20240811	11:45:43	80c65643-5954-4cd2-9d28-29d1109fdcf8	GET	/exam	http://localhost:5173
20240811	11:45:57	25f5013f-0d4d-4e6f-93cf-f9f5a2aaa620	OPTIONS	/auth/check	http://localhost:5173
20240811	11:45:57	2e93eccd-66ff-49e7-b09e-1576f183578d	POST	/auth/check	http://localhost:5173
20240811	11:45:57	37dd54e2-eec8-4be0-8598-10a2c44aa1fa	OPTIONS	/exam	http://localhost:5173
20240811	11:45:57	00028483-ad57-4915-a48f-bcd1ae1d4e1a	GET	/exam	http://localhost:5173
20240811	11:46:15	6fddc487-892d-4392-8668-ad84094462d8	OPTIONS	/auth/check	http://localhost:5173
20240811	11:46:15	0ba2fa6c-7342-4bce-b462-ecf302dbe368	POST	/auth/check	http://localhost:5173
20240811	11:46:15	4191d533-8443-49e7-a169-c6882d2b8cbf	OPTIONS	/exam	http://localhost:5173
20240811	11:46:15	f09aef0a-fff9-4365-874f-61d15bef8b1c	GET	/exam	http://localhost:5173
20240811	11:46:35	92d3daa1-1213-4595-b4ff-31d7f96867c4	OPTIONS	/auth/check	http://localhost:5173
20240811	11:46:35	ae1ba510-e6b5-4d5c-900c-a06606e8d969	POST	/auth/check	http://localhost:5173
20240811	11:46:35	f5c8d8a3-cc79-4e4d-9bb5-61ea444dd825	OPTIONS	/exam	http://localhost:5173
20240811	11:46:35	43bdf20f-94a5-4819-87a6-4d21c5c1da4e	GET	/exam	http://localhost:5173
20240811	11:47:21	682ad846-dfc9-40c4-945d-6de3ebbaa367	OPTIONS	/auth/check	http://localhost:5173
20240811	11:47:21	543f8918-7d71-406c-bfcf-07fbb06a6410	POST	/auth/check	http://localhost:5173
20240811	11:47:21	d8f94150-7a9f-4f5f-825b-501f6fe52423	OPTIONS	/exam	http://localhost:5173
20240811	11:47:21	2b08f3bd-47d9-446a-9a75-bcaeba71bcc5	GET	/exam	http://localhost:5173
20240811	11:48:13	71630179-1060-4a4b-8cde-8226367a4189	OPTIONS	/auth/check	http://localhost:5173
20240811	11:48:13	270fc570-9584-469d-b5cf-6c65d459c6e5	POST	/auth/check	http://localhost:5173
20240811	11:48:13	28be97a8-c693-438f-99fe-b23bec12cb11	OPTIONS	/exam	http://localhost:5173
20240811	11:48:13	6dc127b5-ca21-4397-93d3-69ee4c854dd9	GET	/exam	http://localhost:5173
20240811	11:48:15	412a089e-0a44-4f4e-9242-230f4b53b1f5	POST	/auth/check	http://localhost:5173
20240811	11:48:15	a4640ba7-7fa7-4003-8b17-670a6287f187	GET	/exam	http://localhost:5173
20240811	11:48:16	0eea25e5-2459-42bd-acf5-c3dd6d70a061	POST	/auth/check	http://localhost:5173
20240811	11:48:16	2c2b03bd-0ef9-4f53-af5b-6796e60efc8c	GET	/exam	http://localhost:5173
20240811	11:48:16	11faf139-de88-41b1-ba82-163eec2793be	POST	/auth/check	http://localhost:5173
20240811	11:48:16	340b88f6-0c18-4bca-a6d9-8e99f126b64c	GET	/exam	http://localhost:5173
20240811	11:48:17	1c36c60f-4abb-4d27-806d-ef120d606957	POST	/auth/check	http://localhost:5173
20240811	11:48:17	ad20563d-f406-4fd7-b40a-1269ef3c84a6	GET	/exam	http://localhost:5173
20240811	11:48:37	7e5f0c6c-d84c-4487-97f4-e62632859214	OPTIONS	/auth/check	http://localhost:5173
20240811	11:48:37	48f18e73-91d5-42c7-b7b8-6ab73441b52a	POST	/auth/check	http://localhost:5173
20240811	11:48:37	20adb010-157d-44c8-9752-d63429020aa3	OPTIONS	/exam	http://localhost:5173
20240811	11:48:37	b2be1ac6-a80d-4eec-83a8-09b184578257	GET	/exam	http://localhost:5173
20240811	11:48:52	ff126217-8e80-4dfe-b4ac-43285492eb66	OPTIONS	/auth/check	http://localhost:5173
20240811	11:48:52	2f8a8a05-0db4-4197-9212-ccf6d81e95da	POST	/auth/check	http://localhost:5173
20240811	11:48:52	c089a5c3-f8fb-4ae4-88d6-6ad28dc7b3b6	OPTIONS	/exam	http://localhost:5173
20240811	11:48:52	dc785b5a-8ed1-414e-bda7-c8c0c13159de	GET	/exam	http://localhost:5173
20240811	11:49:55	021684d1-cbe0-4579-9565-d5b030e52d2b	OPTIONS	/auth/check	http://localhost:5173
20240811	11:49:55	4a27b521-7b79-4970-b51f-eeea6f09816e	POST	/auth/check	http://localhost:5173
20240811	11:49:55	87a7e0cd-c49e-46be-ab61-771a28a3be8f	OPTIONS	/exam	http://localhost:5173
20240811	11:49:55	be7f26d3-243f-443f-a1b7-d237d0daaacb	GET	/exam	http://localhost:5173
20240811	11:50:40	a22acaa0-74ac-4ed2-aa17-ca9d52b930c1	OPTIONS	/auth/check	http://localhost:5173
20240811	11:50:40	286236dc-1b6f-492b-9100-00c2d2050396	POST	/auth/check	http://localhost:5173
20240811	11:54:16	eda4f3ae-fa59-401c-81f1-4602a7aa1556	OPTIONS	/auth/check	http://localhost:5173
20240811	11:54:16	2ee2cc3f-ecde-46d7-90dc-96602fdc0d61	POST	/auth/check	http://localhost:5173
20240811	11:54:19	9fbaaccf-1faf-4b6e-8656-4d82d22788fd	POST	/auth/check	http://localhost:5173
20240811	11:54:22	ac43d062-5882-4a71-bf09-37f50c4d1f9e	OPTIONS	/auth/check	http://localhost:5173
20240811	11:54:22	9fc5eef2-ab88-4afb-998b-229292157984	POST	/auth/check	http://localhost:5173
20240811	11:54:56	c8595125-9fb7-4f4a-85e8-935366b5a3eb	OPTIONS	/auth/check	http://localhost:5173
20240811	11:54:56	0c8ce749-89b1-4280-8685-337354085857	POST	/auth/check	http://localhost:5173
20240811	11:55:10	691a9d8f-6222-43e9-8ffe-7e6f111d44a5	OPTIONS	/auth/login	http://localhost:5173
20240811	11:55:10	9a89378a-0b60-4fd5-b219-6252e4fff4bc	POST	/auth/login	http://localhost:5173
20240811	11:55:11	ac1e9e22-3ee8-494c-ab3c-b6fae666f419	OPTIONS	/auth/check	http://localhost:5173
20240811	11:55:11	a5e73575-f91c-49c9-999f-3b0c17d3f8ce	POST	/auth/check	http://localhost:5173
20240811	11:55:11	b3c2b278-e01e-466a-af7c-d063643bb229	OPTIONS	/exam	http://localhost:5173
20240811	11:55:11	fc8a76ce-5e4d-470c-9118-bdc64022f9cc	GET	/exam	http://localhost:5173
20240811	11:58:36	07912e29-3e40-41a0-8a0a-aa794d5b900d	OPTIONS	/auth/check	http://localhost:5173
20240811	11:58:36	9d47f44e-8869-4c90-8530-0329bab35121	POST	/auth/check	http://localhost:5173
20240811	11:58:36	ce169261-e792-4869-8935-37d1db376009	OPTIONS	/exam	http://localhost:5173
20240811	11:58:36	1ac51e6f-b71e-444d-9d4c-e331966ea9dc	GET	/exam	http://localhost:5173
20240817	16:18:53	5fbeef84-f7ee-45f4-9787-2b1ce4feb6b0	OPTIONS	/auth/login	http://localhost:5173
20240817	16:18:53	0bd78171-5d6f-4920-9eae-5fc9d5d1931d	POST	/auth/login	http://localhost:5173
20240817	16:18:55	b65c776a-2e7e-4b96-90ff-206e27f80113	OPTIONS	/auth/check	http://localhost:5173
20240817	16:18:55	02beb0bd-de07-47eb-b584-2ce50f587f12	POST	/auth/check	http://localhost:5173
20240817	16:18:55	e079c709-4962-4033-a916-7295485f6f59	OPTIONS	/exam	http://localhost:5173
20240817	16:18:55	e4c0b27a-2ad5-4dcc-a4a2-aac239e1ddb9	GET	/exam	http://localhost:5173
20240817	16:24:35	d135236d-e20d-491b-aded-0cd5068d2ed1	OPTIONS	/auth/check	http://localhost:5173
20240817	16:24:35	0f8107d3-c526-460e-b479-3d02611349a3	POST	/auth/check	http://localhost:5173
20240817	16:24:35	f7c4873c-fbda-4751-953c-1d6702ad6107	OPTIONS	/exam	http://localhost:5173
20240817	16:24:35	671c609d-3e46-47c1-82c5-1ff73fa906bb	GET	/exam	http://localhost:5173
20240817	16:24:42	6c16918e-29bb-4fdd-9f05-11fcc3c95539	OPTIONS	/auth/check	http://localhost:5173
20240817	16:24:42	7751caf0-ef5f-4a7c-953c-4f5a90195be6	POST	/auth/check	http://localhost:5173
20240817	16:24:42	768f5337-2b4f-4ce3-bd54-20f2a819ce84	OPTIONS	/exam	http://localhost:5173
20240817	16:24:42	a4a2750b-ba65-4f89-bac1-d3e907ae9599	GET	/exam	http://localhost:5173
20240817	16:29:20	c65a79f7-dba5-4581-8c76-f7f98456653c	OPTIONS	/auth/check	http://localhost:5173
20240817	16:29:20	9f594944-9db1-457f-96c3-977eadba7209	POST	/auth/check	http://localhost:5173
20240817	16:29:20	9684e9a5-4b15-423a-ad28-80b03531f5de	OPTIONS	/exam	http://localhost:5173
20240817	16:29:20	a72ea96a-10c4-4bc2-b422-50475d22ea04	GET	/exam	http://localhost:5173
20240817	16:36:25	68c98797-b170-4aee-bb48-552dd11fce64	OPTIONS	/auth/check	http://localhost:5173
20240817	16:36:25	156310f9-78f4-4a92-a5f2-389f5644bff2	POST	/auth/check	http://localhost:5173
20240817	16:36:25	2fcab3d3-1f57-4811-a2d9-06ba82530603	OPTIONS	/exam	http://localhost:5173
20240817	16:36:25	053304a2-3675-4c8e-ada3-298eb420abe5	GET	/exam	http://localhost:5173
20240817	16:36:34	4fb81f02-994d-498a-9123-f3fbbdd478ee	OPTIONS	/auth/check	http://localhost:5173
20240817	16:36:34	4e9bce02-f9e1-432b-bed1-db5fb764e179	POST	/auth/check	http://localhost:5173
20240817	16:36:34	92226601-23d5-42bd-a3e9-c1665987bf19	OPTIONS	/exam	http://localhost:5173
20240817	16:36:34	ce77166e-1098-483f-aba0-a5070215e57c	GET	/exam	http://localhost:5173
20240817	16:36:39	0f1203d1-024f-4cc6-84a6-a8792c054921	POST	/auth/check	http://localhost:5173
20240817	16:36:39	096dc56f-dc82-4524-a4fa-f21b993a10f8	GET	/exam	http://localhost:5173
20240817	16:36:42	898edca4-5c6b-402c-b310-91c7977ab02d	OPTIONS	/auth/check	http://localhost:5173
20240817	16:36:42	d21ca7ef-938a-40bf-ba39-7d0aaf75802b	POST	/auth/check	http://localhost:5173
20240817	16:36:42	74d274e0-18bb-4323-bf9c-98f4e7c93c6a	OPTIONS	/exam	http://localhost:5173
20240817	16:36:42	86c3ac07-281a-4004-9169-e9d3fdea66df	GET	/exam	http://localhost:5173
20240817	16:37:18	3d704940-2117-4b22-8e46-1d9849e298b3	OPTIONS	/auth/check	http://localhost:5173
20240817	16:37:18	0e26d58e-db52-4ceb-bc29-01c4b52d7d90	POST	/auth/check	http://localhost:5173
20240817	16:37:18	f06edd4e-8dd4-4c19-aae2-688a599d78b0	OPTIONS	/exam	http://localhost:5173
20240817	16:37:18	e056ce97-cb2a-45d8-9d25-5b7215baeea5	GET	/exam	http://localhost:5173
20240817	16:37:21	8942bfb1-3c8e-48e3-bd98-d1ec33c52070	POST	/auth/check	http://localhost:5173
20240817	16:37:21	3957aa6c-eda4-4d6c-bce4-8872afca493a	GET	/exam	http://localhost:5173
20240817	16:37:27	d341a0a0-f789-43c1-9bb9-034538792e88	OPTIONS	/auth/check	http://localhost:5173
20240817	16:37:27	eec94cea-5945-490b-a5b2-9af8e5b9d389	POST	/auth/check	http://localhost:5173
20240817	16:37:27	1b993752-7332-4753-9afc-80adf2ce5f06	OPTIONS	/exam	http://localhost:5173
20240817	16:37:27	a309c2c9-cde2-4b88-8ac1-1e1820ed1c90	GET	/exam	http://localhost:5173
20240817	16:37:34	74212723-b76b-4a82-9ae0-f416f53f6207	OPTIONS	/auth/check	http://localhost:5173
20240817	16:37:34	562bf237-28c0-4383-be11-abcf305048ca	POST	/auth/check	http://localhost:5173
20240817	16:37:34	d832a344-1574-4763-b0f7-3381e96a5f9b	OPTIONS	/exam	http://localhost:5173
20240817	16:37:34	d6fd4f98-9a5c-4bd2-bf59-6dab7124bbd6	GET	/exam	http://localhost:5173
20240817	16:37:41	56d5aecd-a8f4-4723-8c97-07e484115e51	OPTIONS	/auth/check	http://localhost:5173
20240817	16:37:41	1f42289c-e22d-48c8-9486-98e51b366664	POST	/auth/check	http://localhost:5173
20240817	16:37:41	8c0fdd2a-22d6-46ce-8f31-39b729b5c0d5	OPTIONS	/exam	http://localhost:5173
20240817	16:37:41	4ffce2ed-583c-42ad-9767-71b6f61ad290	GET	/exam	http://localhost:5173
20240817	16:44:57	1825653a-bc1e-42ad-bdcf-9658e671d572	OPTIONS	/auth/check	http://localhost:5173
20240817	16:44:57	60767226-d47c-43dd-8539-4f3927c93386	POST	/auth/check	http://localhost:5173
20240817	16:44:57	1766ca97-bc8b-4a2e-b49c-4e487b0f1550	OPTIONS	/exam	http://localhost:5173
20240817	16:44:57	7c877bff-56a0-41bc-934b-69e12cf6a16b	GET	/exam	http://localhost:5173
20240817	16:45:43	367d3c7c-6443-47b6-bfb2-21b545ce82a4	OPTIONS	/auth/check	http://localhost:5173
20240817	16:45:43	86e3599f-b3fb-4ac6-be6d-ea353db22631	POST	/auth/check	http://localhost:5173
20240817	16:45:43	3353bf70-0ca5-4f59-bf89-1d92f0237472	OPTIONS	/exam	http://localhost:5173
20240817	16:45:43	c60be7cf-17d4-4adf-958b-62e257124a53	GET	/exam	http://localhost:5173
20240817	16:46:11	4e4ce0be-9ae2-4901-b7b7-e68345f33ede	OPTIONS	/auth/check	http://localhost:5173
20240817	16:46:11	5cefc6eb-dd5b-48f5-b1b1-30e03a55eeed	POST	/auth/check	http://localhost:5173
20240817	16:46:11	4009386f-9130-47d9-a0c8-34a534ca10c0	OPTIONS	/exam	http://localhost:5173
20240817	16:46:11	b9f14c42-2e1c-4679-ae46-e650cb3d32ca	GET	/exam	http://localhost:5173
20240817	16:46:13	9c923b8f-9703-4774-9fce-b7b4120d0dbf	POST	/auth/check	http://localhost:5173
20240817	16:46:13	40192b66-b8d1-4765-992e-fb1849b72955	GET	/exam	http://localhost:5173
20240817	16:46:16	e366e83a-9509-4b65-a5e6-3312955ae3bf	POST	/auth/check	http://localhost:5173
20240817	16:46:16	914b985a-5841-4a92-9734-b1aafbba921e	GET	/exam	http://localhost:5173
20240817	16:46:39	be2eb66f-f088-402e-b087-5e40e4541a6d	OPTIONS	/auth/check	http://localhost:5173
20240817	16:46:39	b94d5cfd-ee41-44ae-9ed4-c0282b7c3380	POST	/auth/check	http://localhost:5173
20240817	16:46:39	5b66b82c-fe62-4bb6-9829-efcd8342f16a	OPTIONS	/exam	http://localhost:5173
20240817	16:46:39	ab4e583f-8c99-4019-9c7a-e8e9c19950ec	GET	/exam	http://localhost:5173
20240817	16:50:01	15e663b8-c41e-4e98-8fab-017d514dbef3	OPTIONS	/auth/check	http://localhost:5173
20240817	16:50:01	2acaa39d-2575-4f26-a26e-4b3f4adb7fbd	POST	/auth/check	http://localhost:5173
20240817	16:50:01	fb8db3d0-7d44-4463-b7de-3c0685739229	OPTIONS	/exam	http://localhost:5173
20240817	16:50:01	ba5f94d7-d3ea-4846-8917-0636a6008d77	GET	/exam	http://localhost:5173
20240817	16:52:52	b7c1fd5c-f695-4c37-9daf-191328965abd	OPTIONS	/auth/check	http://localhost:5173
20240817	16:52:52	f1bff44f-c0a6-4d75-829b-c7e327873d19	POST	/auth/check	http://localhost:5173
20240817	16:52:52	0e3be9f8-0657-4e7d-a82c-d24f1de78f82	OPTIONS	/exam	http://localhost:5173
20240817	16:52:52	ca712c9c-1ecb-48dd-aa42-7a9ba0cce73f	GET	/exam	http://localhost:5173
20240817	16:52:54	f1bda7b5-4cf3-4f85-85df-4343839b78f1	POST	/auth/check	http://localhost:5173
20240817	16:52:54	ab2d40d6-1f8e-4973-914c-c12dd7f204dc	GET	/exam	http://localhost:5173
20240817	16:52:57	51044ef7-4034-47e1-bf6b-38f7b0a2c1a7	POST	/auth/check	http://localhost:5173
20240817	16:52:57	41ea6e3f-9e67-4e74-ab00-6556229fa1ce	GET	/exam	http://localhost:5173
20240817	16:55:05	17178607-15d2-489c-a451-c413fea7854d	OPTIONS	/auth/check	http://localhost:5173
20240817	16:55:05	3f70ff24-ecf9-4371-aa39-a385aa40442c	POST	/auth/check	http://localhost:5173
20240817	16:55:05	bf132cb7-f874-4cc0-8f0d-56aa757deaef	OPTIONS	/exam	http://localhost:5173
20240817	16:55:05	37ff0aca-817c-440a-bf51-2965f9df2eb9	GET	/exam	http://localhost:5173
20240817	16:55:17	d5877b1c-d8c4-47f6-a454-a254a1935096	OPTIONS	/auth/check	http://localhost:5173
20240817	16:55:17	c56a4b15-3b88-4011-bf7f-c72ac0cf2fa8	POST	/auth/check	http://localhost:5173
20240817	16:55:17	0d140b95-3aa1-43d3-8ee2-3d0edb9bf010	OPTIONS	/exam	http://localhost:5173
20240817	16:55:17	c5d7620a-3250-4ebb-84a6-8bb418c0f6a7	GET	/exam	http://localhost:5173
20240817	16:58:35	bab85aa5-1acf-42f7-bcd9-123d3cde8b51	OPTIONS	/auth/check	http://localhost:5173
20240817	16:58:35	6683ff50-abf5-4f4b-a877-3a98b2b3f8b3	POST	/auth/check	http://localhost:5173
20240817	16:58:35	8500f47b-1dbb-4a4b-8429-75f31c579b03	OPTIONS	/exam	http://localhost:5173
20240817	16:58:35	d904ede7-94bd-4560-b7f9-21aa75165f36	GET	/exam	http://localhost:5173
20240817	17:01:15	a11299c7-9eb1-4e4b-b68a-d7654381ecad	OPTIONS	/auth/check	http://localhost:5173
20240817	17:01:15	570f321b-f10f-4064-88af-f659fe0356c2	POST	/auth/check	http://localhost:5173
20240817	17:01:16	b381a276-3900-4ad9-bb90-0a1f43f27042	OPTIONS	/exam	http://localhost:5173
20240817	17:01:16	4889f3b2-c938-4e21-8378-d9a535059581	GET	/exam	http://localhost:5173
20240817	17:01:17	17692c84-fd18-44bc-8324-cc93c97964b4	POST	/auth/check	http://localhost:5173
20240817	17:01:17	d2b8cd4a-ae8b-4a52-88bf-f8ed1bb0d292	GET	/exam	http://localhost:5173
20240817	17:01:39	7f2e8a2d-df61-4824-9c25-b1b737fc3935	OPTIONS	/auth/check	http://localhost:5173
20240817	17:01:39	ac5e6f25-a485-42c7-978f-d6ff5d1c7e44	POST	/auth/check	http://localhost:5173
20240817	17:01:39	ef532ee1-6de6-4cd6-a04c-00b7035af6af	OPTIONS	/exam	http://localhost:5173
20240817	17:01:39	dd525256-78f4-4cd8-9108-02181aeac854	GET	/exam	http://localhost:5173
20240817	17:03:58	5f73a776-69c4-4a98-b31e-ab72982b1e2c	OPTIONS	/auth/check	http://localhost:5173
20240817	17:03:58	d6be4f11-6b84-499a-bc98-77c40abc0e99	POST	/auth/check	http://localhost:5173
20240817	17:03:58	a579cd22-94aa-4031-90cc-ac7f007c20d7	OPTIONS	/exam	http://localhost:5173
20240817	17:03:58	a0324dd8-00c3-4bc1-94ec-18161429348f	GET	/exam	http://localhost:5173
20240817	17:04:08	c6ab20d7-1b3d-4fb1-a3f6-4f1adf52450b	OPTIONS	/exam/66b82b7b99cb705ade413213	http://localhost:5173
20240817	17:04:08	0b161c06-3f49-4e7e-9438-2bfb7225153d	GET	/exam/66b82b7b99cb705ade413213	http://localhost:5173
20240817	17:04:27	a1c7839f-0fa2-4adc-bc8e-f8cbb6371a4b	OPTIONS	/exam/66b82b7b99cb705ade413213	http://localhost:5173
20240817	17:04:27	c7c9a6e3-ef15-46ae-a997-c20f9c3c01b9	GET	/exam/66b82b7b99cb705ade413213	http://localhost:5173
20240817	17:04:36	b4d2203f-6c20-4138-a3cd-c04d4569179d	OPTIONS	/exam/66b82b7b99cb705ade413213	http://localhost:5173
20240817	17:04:36	70982de2-8e63-455b-ab54-b3f8b675cf19	GET	/exam/66b82b7b99cb705ade413213	http://localhost:5173
